1576114765772	mozrunner::runner	INFO	Running command: "C:\\Program Files\\Mozilla Firefox\\firefox.exe" "-marionette" "-headless" "-foreground" "-no-remote" "-profile" "C:\\Users\\ANGONZ~1\\AppData\\Local\\Temp\\rust_mozprofile.9zTuA5SOpfah"
*** You are running in headless mode.
1576114766259	addons.webextension.screenshots@mozilla.org	WARN	Loading extension 'screenshots@mozilla.org': Reading manifest: Invalid extension permission: mozillaAddons
1576114766259	addons.webextension.screenshots@mozilla.org	WARN	Loading extension 'screenshots@mozilla.org': Reading manifest: Invalid extension permission: telemetry
1576114766259	addons.webextension.screenshots@mozilla.org	WARN	Loading extension 'screenshots@mozilla.org': Reading manifest: Invalid extension permission: resource://pdf.js/
1576114766260	addons.webextension.screenshots@mozilla.org	WARN	Loading extension 'screenshots@mozilla.org': Reading manifest: Invalid extension permission: about:reader*
JavaScript error: resource://gre/modules/XULStore.jsm, line 66: Error: Can't find profile directory.
1576114768201	Marionette	INFO	Listening on port 55795
1576114768564	Marionette	WARN	TLS certificate errors will be ignored for this session
1576114781523	mozrunner::runner	INFO	Running command: "C:\\Program Files\\Mozilla Firefox\\firefox.exe" "-marionette" "-headless" "-foreground" "-no-remote" "-profile" "C:\\Users\\ANGONZ~1\\AppData\\Local\\Temp\\rust_mozprofile.EsghoXTLO15o"
*** You are running in headless mode.
1576114782035	addons.webextension.screenshots@mozilla.org	WARN	Loading extension 'screenshots@mozilla.org': Reading manifest: Invalid extension permission: mozillaAddons
1576114782035	addons.webextension.screenshots@mozilla.org	WARN	Loading extension 'screenshots@mozilla.org': Reading manifest: Invalid extension permission: telemetry
1576114782036	addons.webextension.screenshots@mozilla.org	WARN	Loading extension 'screenshots@mozilla.org': Reading manifest: Invalid extension permission: resource://pdf.js/
1576114782036	addons.webextension.screenshots@mozilla.org	WARN	Loading extension 'screenshots@mozilla.org': Reading manifest: Invalid extension permission: about:reader*
JavaScript error: resource://gre/modules/XULStore.jsm, line 66: Error: Can't find profile directory.
1576114783811	Marionette	INFO	Listening on port 55831
1576114784310	Marionette	WARN	TLS certificate errors will be ignored for this session
1576114939654	mozrunner::runner	INFO	Running command: "C:\\Program Files\\Mozilla Firefox\\firefox.exe" "-marionette" "-headless" "-foreground" "-no-remote" "-profile" "C:\\Users\\ANGONZ~1\\AppData\\Local\\Temp\\rust_mozprofile.CYCgNDl0VVIu"
*** You are running in headless mode.
1576114940167	addons.webextension.screenshots@mozilla.org	WARN	Loading extension 'screenshots@mozilla.org': Reading manifest: Invalid extension permission: mozillaAddons
1576114940167	addons.webextension.screenshots@mozilla.org	WARN	Loading extension 'screenshots@mozilla.org': Reading manifest: Invalid extension permission: telemetry
1576114940167	addons.webextension.screenshots@mozilla.org	WARN	Loading extension 'screenshots@mozilla.org': Reading manifest: Invalid extension permission: resource://pdf.js/
1576114940167	addons.webextension.screenshots@mozilla.org	WARN	Loading extension 'screenshots@mozilla.org': Reading manifest: Invalid extension permission: about:reader*
JavaScript error: resource://gre/modules/XULStore.jsm, line 66: Error: Can't find profile directory.
1576114942037	Marionette	INFO	Listening on port 55903
1576114942452	Marionette	WARN	TLS certificate errors will be ignored for this session
JavaScript error: http://www.fibalivestats.com/resources/js/ajload_2.js?v=1.1.2, line 343: TypeError: currentperiod.replace is not a function
JavaScript error: http://www.fibalivestats.com/resources/js/ajload_2.js?v=1.1.2, line 343: TypeError: currentperiod.replace is not a function
JavaScript error: http://www.fibalivestats.com/resources/js/ajload_2.js?v=1.1.2, line 343: TypeError: currentperiod.replace is not a function
JavaScript error: http://www.fibalivestats.com/resources/js/ajload_2.js?v=1.1.2, line 343: TypeError: currentperiod.replace is not a function
JavaScript error: http://www.fibalivestats.com/resources/js/ajload_2.js?v=1.1.2, line 343: TypeError: currentperiod.replace is not a function
JavaScript error: http://www.fibalivestats.com/resources/js/ajload_2.js?v=1.1.2, line 343: TypeError: currentperiod.replace is not a function
JavaScript error: http://www.fibalivestats.com/resources/js/ajload_2.js?v=1.1.2, line 343: TypeError: currentperiod.replace is not a function
JavaScript error: http://www.fibalivestats.com/resources/js/ajload_2.js?v=1.1.2, line 343: TypeError: currentperiod.replace is not a function
JavaScript error: http://www.fibalivestats.com/resources/js/ajload_2.js?v=1.1.7, line 343: TypeError: currentperiod.replace is not a function
JavaScript error: http://www.fibalivestats.com/resources/js/ajload_2.js?v=1.1.2, line 343: TypeError: currentperiod.replace is not a function
JavaScript error: http://www.fibalivestats.com/resources/js/ajload_2.js?v=1.1.2, line 343: TypeError: currentperiod.replace is not a function
JavaScript error: http://www.fibalivestats.com/resources/js/ajload_2.js?v=1.1.2, line 343: TypeError: currentperiod.replace is not a function
JavaScript error: http://www.fibalivestats.com/resources/js/ajload_2.js?v=1.1.2, line 343: TypeError: currentperiod.replace is not a function
JavaScript error: http://www.fibalivestats.com/resources/js/ajload_2.js?v=1.1.2, line 343: TypeError: currentperiod.replace is not a function
JavaScript error: http://www.fibalivestats.com/resources/js/ajload_2.js?v=1.1.2, line 343: TypeError: currentperiod.replace is not a function
JavaScript error: http://www.fibalivestats.com/resources/js/ajload_2.js?v=1.1.2, line 343: TypeError: currentperiod.replace is not a function
JavaScript error: http://www.fibalivestats.com/resources/js/ajload_2.js?v=1.2.0, line 343: TypeError: currentperiod.replace is not a function
JavaScript error: http://www.fibalivestats.com/resources/js/ajload_2.js?v=1.1.2, line 343: TypeError: currentperiod.replace is not a function
1576115022160	mozrunner::runner	INFO	Running command: "C:\\Program Files\\Mozilla Firefox\\firefox.exe" "-marionette" "-headless" "-foreground" "-no-remote" "-profile" "C:\\Users\\ANGONZ~1\\AppData\\Local\\Temp\\rust_mozprofile.qqAcmmI6m5OF"
*** You are running in headless mode.
1576115022781	addons.webextension.screenshots@mozilla.org	WARN	Loading extension 'screenshots@mozilla.org': Reading manifest: Invalid extension permission: mozillaAddons
1576115022781	addons.webextension.screenshots@mozilla.org	WARN	Loading extension 'screenshots@mozilla.org': Reading manifest: Invalid extension permission: telemetry
1576115022781	addons.webextension.screenshots@mozilla.org	WARN	Loading extension 'screenshots@mozilla.org': Reading manifest: Invalid extension permission: resource://pdf.js/
1576115022781	addons.webextension.screenshots@mozilla.org	WARN	Loading extension 'screenshots@mozilla.org': Reading manifest: Invalid extension permission: about:reader*
JavaScript error: resource://gre/modules/XULStore.jsm, line 66: Error: Can't find profile directory.
1576115024417	Marionette	INFO	Listening on port 56041
1576115024479	Marionette	WARN	TLS certificate errors will be ignored for this session
JavaScript error: http://www.fibalivestats.com/resources/js/ajload_2.js?v=1.1.2, line 343: TypeError: currentperiod.replace is not a function
JavaScript error: http://www.fibalivestats.com/resources/js/ajload_2.js?v=1.1.2, line 343: TypeError: currentperiod.replace is not a function
JavaScript error: http://www.fibalivestats.com/resources/js/ajload_2.js?v=1.1.2, line 343: TypeError: currentperiod.replace is not a function
JavaScript error: http://www.fibalivestats.com/resources/js/ajload_2.js?v=1.1.2, line 343: TypeError: currentperiod.replace is not a function
JavaScript error: http://www.fibalivestats.com/resources/js/ajload_2.js?v=1.1.2, line 343: TypeError: currentperiod.replace is not a function
JavaScript error: http://www.fibalivestats.com/resources/js/ajload_2.js?v=1.1.2, line 343: TypeError: currentperiod.replace is not a function
JavaScript error: http://www.fibalivestats.com/resources/js/ajload_2.js?v=1.1.2, line 343: TypeError: currentperiod.replace is not a function
JavaScript error: http://www.fibalivestats.com/resources/js/ajload_2.js?v=1.1.2, line 343: TypeError: currentperiod.replace is not a function
JavaScript error: http://www.fibalivestats.com/resources/js/ajload_2.js?v=1.1.7, line 343: TypeError: currentperiod.replace is not a function
JavaScript error: http://www.fibalivestats.com/resources/js/ajload_2.js?v=1.1.2, line 343: TypeError: currentperiod.replace is not a function
JavaScript error: http://www.fibalivestats.com/resources/js/ajload_2.js?v=1.1.2, line 343: TypeError: currentperiod.replace is not a function
JavaScript error: http://www.fibalivestats.com/resources/js/ajload_2.js?v=1.1.2, line 343: TypeError: currentperiod.replace is not a function
JavaScript error: http://www.fibalivestats.com/resources/js/ajload_2.js?v=1.1.2, line 343: TypeError: currentperiod.replace is not a function
JavaScript error: http://www.fibalivestats.com/resources/js/ajload_2.js?v=1.1.2, line 343: TypeError: currentperiod.replace is not a function
